WARNING: Failed to find function "__sanitizer_acquire_crash_state".
WARNING: Failed to find function "__sanitizer_print_stack_trace".
WARNING: Failed to find function "__sanitizer_set_death_callback".
INFO: Running with entropic power schedule (0xFF, 100).
INFO: Seed: 2359706734
MERGE-OUTER: 467 files, 0 in the initial corpus, 0 processed earlier
MERGE-OUTER: attempt 1
WARNING: Failed to find function "__sanitizer_acquire_crash_state".
WARNING: Failed to find function "__sanitizer_print_stack_trace".
WARNING: Failed to find function "__sanitizer_set_death_callback".
INFO: Running with entropic power schedule (0xFF, 100).
INFO: Seed: 2359713817
INFO: -max_len is not provided; libFuzzer will not generate inputs larger than 1048576 bytes
MERGE-INNER: using the control file '/tmp/libFuzzerTemp.Merge560.txt'
MERGE-INNER: 467 total files; 0 processed earlier; will process 467 files now
#1	pulse  exec/s: 0 rss: 30Mb
#2	pulse  exec/s: 0 rss: 30Mb
#4	pulse  exec/s: 0 rss: 30Mb
#8	pulse  exec/s: 0 rss: 30Mb
#16	pulse  exec/s: 0 rss: 30Mb
#32	pulse  exec/s: 0 rss: 30Mb
#64	pulse  exec/s: 0 rss: 30Mb
#128	pulse  exec/s: 0 rss: 31Mb
#256	pulse  exec/s: 0 rss: 31Mb
==560== libFuzzer: run interrupted; exiting
==563== libFuzzer: run interrupted; exiting
